<?xml version="1.0" encoding="UTF-8"?>
<!-- Generated by org.testng.reporters.JUnitReportReporter -->
<testsuite hostname="DESKTOP-5JHJNDH" failures="0" tests="1" name="TestScripts.FlipkartTest" time="16.980" errors="0" timestamp="2024-06-08T12:36:10 IST" skipped="0">
  <testcase classname="TestScripts.FlipkartTest" name="searchAndPrintPrices" time="16.980"/>
</testsuite> <!-- TestScripts.FlipkartTest -->
